<?xml version="1.0" encoding="UTF-8"?>
<!-- Generated by org.testng.reporters.JUnitXMLReporter -->
<testsuite ignored="0" hostname="selvakumarsMini" failures="1" tests="1" name="First Device Test" time="31.319" errors="0" timestamp="30 Jan 2024 18:28:33 GMT">
  <testcase classname="base.MobileApplicationBase" name="@BeforeMethod launchApp" time="20.173">
    <failure type="org.openqa.selenium.SessionNotCreatedException" message="Could not start a new session. Response code 500. Message: An unknown server-side error occurred while processing the command. Original error: Unable to uninstall APK. Original error: Error executing adbExec. Original error: &amp;apos;Command &amp;apos;/Users/elaiyaperumal/Library/Android/sdk/platform-tools/adb -P 5037 -s emulator-5554 uninstall io.appium.android.apis&amp;apos; exited with code 1&amp;apos;; Command output: Failure [DELETE_FAILED_INTERNAL_ERROR]
 
Host info: host: &amp;apos;selvakumarsMini&amp;apos;, ip: &amp;apos;192.168.0.9&amp;apos;
Build info: version: &amp;apos;4.17.0&amp;apos;, revision: &amp;apos;e52b1be057*&amp;apos;
System info: os.name: &amp;apos;Mac OS X&amp;apos;, os.arch: &amp;apos;x86_64&amp;apos;, os.version: &amp;apos;12.7.1&amp;apos;, java.version: &amp;apos;11.0.18&amp;apos;
Driver info: io.appium.java_client.android.AndroidDriver
Command: [null, newSession {capabilities=[{appium:deviceName=emulator-5556, platformName=ANDROID, appium:automationName=UiAutomator2, appium:fullReset=true, appium:app=/Users/elaiyaperumal/Documents/Workspace/Appium_Workspace/AppiumParallel/apps/ApiDemos-debug.apk}], desiredCapabilities=Capabilities {appium:app: /Users/elaiyaperumal/Docume..., appium:automationName: UiAutomator2, appium:deviceName: emulator-5556, appium:fullReset: true, platformName: ANDROID}}]
Capabilities {appium:app: /Users/elaiyaperumal/Docume..., appium:automationName: UiAutomator2, appium:deviceName: emulator-5556, appium:fullReset: true, platformName: ANDROID}">
      <![CDATA[org.openqa.selenium.SessionNotCreatedException: Could not start a new session. Response code 500. Message: An unknown server-side error occurred while processing the command. Original error: Unable to uninstall APK. Original error: Error executing adbExec. Original error: 'Command '/Users/elaiyaperumal/Library/Android/sdk/platform-tools/adb -P 5037 -s emulator-5554 uninstall io.appium.android.apis' exited with code 1'; Command output: Failure [DELETE_FAILED_INTERNAL_ERROR]
 
Host info: host: 'selvakumarsMini', ip: '192.168.0.9'
Build info: version: '4.17.0', revision: 'e52b1be057*'
System info: os.name: 'Mac OS X', os.arch: 'x86_64', os.version: '12.7.1', java.version: '11.0.18'
Driver info: io.appium.java_client.android.AndroidDriver
Command: [null, newSession {capabilities=[{appium:deviceName=emulator-5556, platformName=ANDROID, appium:automationName=UiAutomator2, appium:fullReset=true, appium:app=/Users/elaiyaperumal/Documents/Workspace/Appium_Workspace/AppiumParallel/apps/ApiDemos-debug.apk}], desiredCapabilities=Capabilities {appium:app: /Users/elaiyaperumal/Docume..., appium:automationName: UiAutomator2, appium:deviceName: emulator-5556, appium:fullReset: true, platformName: ANDROID}}]
Capabilities {appium:app: /Users/elaiyaperumal/Docume..., appium:automationName: UiAutomator2, appium:deviceName: emulator-5556, appium:fullReset: true, platformName: ANDROID}
at org.openqa.selenium.remote.ProtocolHandshake.createSession(ProtocolHandshake.java:139)
at io.appium.java_client.remote.AppiumProtocolHandshake.createSession(AppiumProtocolHandshake.java:133)
at io.appium.java_client.remote.AppiumProtocolHandshake.createSession(AppiumProtocolHandshake.java:102)
at io.appium.java_client.remote.AppiumCommandExecutor.createSession(AppiumCommandExecutor.java:177)
at io.appium.java_client.remote.AppiumCommandExecutor.execute(AppiumCommandExecutor.java:238)
at org.openqa.selenium.remote.RemoteWebDriver.execute(RemoteWebDriver.java:519)
at io.appium.java_client.AppiumDriver.startSession(AppiumDriver.java:268)
at org.openqa.selenium.remote.RemoteWebDriver.<init>(RemoteWebDriver.java:162)
at io.appium.java_client.AppiumDriver.<init>(AppiumDriver.java:90)
at io.appium.java_client.AppiumDriver.<init>(AppiumDriver.java:102)
at io.appium.java_client.android.AndroidDriver.<init>(AndroidDriver.java:109)
at base.MobileApplicationBase.launchApp(MobileApplicationBase.java:62)
at java.base/java.util.concurrent.FutureTask.run(FutureTask.java:264)
at java.base/java.util.concurrent.ThreadPoolExecutor.runWorker(ThreadPoolExecutor.java:1128)
at java.base/java.util.concurrent.ThreadPoolExecutor$Worker.run(ThreadPoolExecutor.java:628)
at java.base/java.lang.Thread.run(Thread.java:834)
... Removed 23 stack frames]]>
    </failure>
  </testcase> <!-- @BeforeMethod launchApp -->
  <testcase classname="base.MobileApplicationBase" name="@AfterMethod tearDown" time="0.0">
    <skipped/>
  </testcase> <!-- @AfterMethod tearDown -->
  <testcase classname="testcases.ContentPage_Test" name="verify_ContentMenu_Screen" time="0.108">
    <failure type="org.openqa.selenium.WebDriverException" message="An unknown server-side error occurred while processing the command. Original error: Could not proxy command to the remote server. Original error: socket hang up
Build info: version: &amp;apos;4.17.0&amp;apos;, revision: &amp;apos;e52b1be057*&amp;apos;
System info: os.name: &amp;apos;Mac OS X&amp;apos;, os.arch: &amp;apos;x86_64&amp;apos;, os.version: &amp;apos;12.7.1&amp;apos;, java.version: &amp;apos;11.0.18&amp;apos;
Driver info: io.appium.java_client.android.AndroidDriver
Command: [aecaab4a-5ba6-48b7-8dd9-96bb5598d856, findElement {value=//*[@content-desc=&amp;apos;App&amp;apos;], using=xpath}]
Capabilities {appium:app: /Users/elaiyaperumal/Docume..., appium:appPackage: io.appium.android.apis, appium:automationName: UiAutomator2, appium:databaseEnabled: false, appium:desired: {app: /Users/elaiyaperumal/Docume..., automationName: UiAutomator2, deviceName: emulator-5554, fullReset: true, platformName: ANDROID}, appium:deviceApiLevel: 30, appium:deviceManufacturer: Google, appium:deviceModel: sdk_gphone_x86, appium:deviceName: emulator-5554, appium:deviceScreenDensity: 440, appium:deviceScreenSize: 1080x2160, appium:deviceUDID: emulator-5554, appium:fullReset: true, appium:javascriptEnabled: true, appium:locationContextEnabled: false, appium:networkConnectionEnabled: true, appium:pixelRatio: 2.75, appium:platformVersion: 11, appium:statBarHeight: 66, appium:takesScreenshot: true, appium:viewportRect: {height: 2094, left: 0, top: 66, width: 1080}, appium:warnings: {}, appium:webStorageEnabled: false, platformName: ANDROID}
Session ID: aecaab4a-5ba6-48b7-8dd9-96bb5598d856">
      <![CDATA[org.openqa.selenium.WebDriverException: An unknown server-side error occurred while processing the command. Original error: Could not proxy command to the remote server. Original error: socket hang up
Build info: version: '4.17.0', revision: 'e52b1be057*'
System info: os.name: 'Mac OS X', os.arch: 'x86_64', os.version: '12.7.1', java.version: '11.0.18'
Driver info: io.appium.java_client.android.AndroidDriver
Command: [aecaab4a-5ba6-48b7-8dd9-96bb5598d856, findElement {value=//*[@content-desc='App'], using=xpath}]
Capabilities {appium:app: /Users/elaiyaperumal/Docume..., appium:appPackage: io.appium.android.apis, appium:automationName: UiAutomator2, appium:databaseEnabled: false, appium:desired: {app: /Users/elaiyaperumal/Docume..., automationName: UiAutomator2, deviceName: emulator-5554, fullReset: true, platformName: ANDROID}, appium:deviceApiLevel: 30, appium:deviceManufacturer: Google, appium:deviceModel: sdk_gphone_x86, appium:deviceName: emulator-5554, appium:deviceScreenDensity: 440, appium:deviceScreenSize: 1080x2160, appium:deviceUDID: emulator-5554, appium:fullReset: true, appium:javascriptEnabled: true, appium:locationContextEnabled: false, appium:networkConnectionEnabled: true, appium:pixelRatio: 2.75, appium:platformVersion: 11, appium:statBarHeight: 66, appium:takesScreenshot: true, appium:viewportRect: {height: 2094, left: 0, top: 66, width: 1080}, appium:warnings: {}, appium:webStorageEnabled: false, platformName: ANDROID}
Session ID: aecaab4a-5ba6-48b7-8dd9-96bb5598d856
at org.openqa.selenium.remote.codec.w3c.W3CHttpResponseCodec.createException(W3CHttpResponseCodec.java:185)
at org.openqa.selenium.remote.codec.w3c.W3CHttpResponseCodec.decode(W3CHttpResponseCodec.java:134)
at org.openqa.selenium.remote.codec.w3c.W3CHttpResponseCodec.decode(W3CHttpResponseCodec.java:51)
at org.openqa.selenium.remote.HttpCommandExecutor.execute(HttpCommandExecutor.java:190)
at io.appium.java_client.remote.AppiumCommandExecutor.execute(AppiumCommandExecutor.java:238)
at org.openqa.selenium.remote.RemoteWebDriver.execute(RemoteWebDriver.java:519)
at org.openqa.selenium.remote.ElementLocation$ElementFinder$2.findElement(ElementLocation.java:165)
at org.openqa.selenium.remote.ElementLocation.findElement(ElementLocation.java:59)
at org.openqa.selenium.remote.RemoteWebDriver.findElement(RemoteWebDriver.java:356)
at org.openqa.selenium.remote.RemoteWebDriver.findElement(RemoteWebDriver.java:350)
at org.openqa.selenium.support.pagefactory.DefaultElementLocator.findElement(DefaultElementLocator.java:68)
at org.openqa.selenium.support.pagefactory.internal.LocatingElementHandler.invoke(LocatingElementHandler.java:38)
at com.sun.proxy.$Proxy14.getText(Unknown Source)
at pages.Home_Page.getTtext_appMenu(Home_Page.java:40)
at testcases.ContentPage_Test.verify_ContentMenu_Screen(ContentPage_Test.java:20)
at java.base/java.util.concurrent.FutureTask.run(FutureTask.java:264)
at java.base/java.util.concurrent.ThreadPoolExecutor.runWorker(ThreadPoolExecutor.java:1128)
at java.base/java.util.concurrent.ThreadPoolExecutor$Worker.run(ThreadPoolExecutor.java:628)
at java.base/java.lang.Thread.run(Thread.java:834)
... Removed 20 stack frames]]>
    </failure>
  </testcase> <!-- verify_ContentMenu_Screen -->
</testsuite> <!-- First Device Test -->
