<?xml version="1.0" encoding="UTF-8"?>
<testng-results ignored="0" total="2" passed="0" failed="1" skipped="1">
  <reporter-output>
  </reporter-output>
  <suite started-at="2024-01-30T18:28:01Z" name="Suite" finished-at="2024-01-30T18:28:33Z" duration-ms="31319">
    <groups>
    </groups>
    <test started-at="2024-01-30T18:28:01Z" name="Second device Test" finished-at="2024-01-30T18:28:22Z" duration-ms="20323">
      <class name="testcases.TextPage_Test">
        <test-method is-config="true" signature="launchApp(java.lang.String, java.lang.String)[pri:0, instance:testcases.TextPage_Test@27216cd]" started-at="2024-01-30T18:28:01Z" name="launchApp" finished-at="2024-01-30T18:28:22Z" duration-ms="20173" status="FAIL">
          <params>
            <param index="0">
              <value>
                <![CDATA[emulator-5556]]>
              </value>
            </param>
            <param index="1">
              <value>
                <![CDATA[4724]]>
              </value>
            </param>
          </params>
          <exception class="org.openqa.selenium.SessionNotCreatedException">
            <message>
              <![CDATA[Could not start a new session. Response code 500. Message: An unknown server-side error occurred while processing the command. Original error: Unable to uninstall APK. Original error: Error executing adbExec. Original error: 'Command '/Users/elaiyaperumal/Library/Android/sdk/platform-tools/adb -P 5037 -s emulator-5554 uninstall io.appium.android.apis' exited with code 1'; Command output: Failure [DELETE_FAILED_INTERNAL_ERROR]
 
Host info: host: 'selvakumarsMini', ip: '192.168.0.9'
Build info: version: '4.17.0', revision: 'e52b1be057*'
System info: os.name: 'Mac OS X', os.arch: 'x86_64', os.version: '12.7.1', java.version: '11.0.18'
Driver info: io.appium.java_client.android.AndroidDriver
Command: [null, newSession {capabilities=[{appium:deviceName=emulator-5556, platformName=ANDROID, appium:automationName=UiAutomator2, appium:fullReset=true, appium:app=/Users/elaiyaperumal/Documents/Workspace/Appium_Workspace/AppiumParallel/apps/ApiDemos-debug.apk}], desiredCapabilities=Capabilities {appium:app: /Users/elaiyaperumal/Docume..., appium:automationName: UiAutomator2, appium:deviceName: emulator-5556, appium:fullReset: true, platformName: ANDROID}}]
Capabilities {appium:app: /Users/elaiyaperumal/Docume..., appium:automationName: UiAutomator2, appium:deviceName: emulator-5556, appium:fullReset: true, platformName: ANDROID}]]>
            </message>
            <full-stacktrace>
              <![CDATA[org.openqa.selenium.SessionNotCreatedException: Could not start a new session. Response code 500. Message: An unknown server-side error occurred while processing the command. Original error: Unable to uninstall APK. Original error: Error executing adbExec. Original error: 'Command '/Users/elaiyaperumal/Library/Android/sdk/platform-tools/adb -P 5037 -s emulator-5554 uninstall io.appium.android.apis' exited with code 1'; Command output: Failure [DELETE_FAILED_INTERNAL_ERROR]
 
Host info: host: 'selvakumarsMini', ip: '192.168.0.9'
Build info: version: '4.17.0', revision: 'e52b1be057*'
System info: os.name: 'Mac OS X', os.arch: 'x86_64', os.version: '12.7.1', java.version: '11.0.18'
Driver info: io.appium.java_client.android.AndroidDriver
Command: [null, newSession {capabilities=[{appium:deviceName=emulator-5556, platformName=ANDROID, appium:automationName=UiAutomator2, appium:fullReset=true, appium:app=/Users/elaiyaperumal/Documents/Workspace/Appium_Workspace/AppiumParallel/apps/ApiDemos-debug.apk}], desiredCapabilities=Capabilities {appium:app: /Users/elaiyaperumal/Docume..., appium:automationName: UiAutomator2, appium:deviceName: emulator-5556, appium:fullReset: true, platformName: ANDROID}}]
Capabilities {appium:app: /Users/elaiyaperumal/Docume..., appium:automationName: UiAutomator2, appium:deviceName: emulator-5556, appium:fullReset: true, platformName: ANDROID}
at org.openqa.selenium.remote.ProtocolHandshake.createSession(ProtocolHandshake.java:139)
at java.base/jdk.internal.reflect.NativeMethodAccessorImpl.invoke0(Native Method)
at java.base/jdk.internal.reflect.NativeMethodAccessorImpl.invoke(NativeMethodAccessorImpl.java:62)
at java.base/jdk.internal.reflect.DelegatingMethodAccessorImpl.invoke(DelegatingMethodAccessorImpl.java:43)
at java.base/java.lang.reflect.Method.invoke(Method.java:566)
at io.appium.java_client.remote.AppiumProtocolHandshake.createSession(AppiumProtocolHandshake.java:133)
at io.appium.java_client.remote.AppiumProtocolHandshake.createSession(AppiumProtocolHandshake.java:102)
at io.appium.java_client.remote.AppiumCommandExecutor.createSession(AppiumCommandExecutor.java:177)
at io.appium.java_client.remote.AppiumCommandExecutor.execute(AppiumCommandExecutor.java:238)
at org.openqa.selenium.remote.RemoteWebDriver.execute(RemoteWebDriver.java:519)
at io.appium.java_client.AppiumDriver.startSession(AppiumDriver.java:268)
at org.openqa.selenium.remote.RemoteWebDriver.<init>(RemoteWebDriver.java:162)
at io.appium.java_client.AppiumDriver.<init>(AppiumDriver.java:90)
at io.appium.java_client.AppiumDriver.<init>(AppiumDriver.java:102)
at io.appium.java_client.android.AndroidDriver.<init>(AndroidDriver.java:109)
at base.MobileApplicationBase.launchApp(MobileApplicationBase.java:62)
at java.base/jdk.internal.reflect.NativeMethodAccessorImpl.invoke0(Native Method)
at java.base/jdk.internal.reflect.NativeMethodAccessorImpl.invoke(NativeMethodAccessorImpl.java:62)
at java.base/jdk.internal.reflect.DelegatingMethodAccessorImpl.invoke(DelegatingMethodAccessorImpl.java:43)
at java.base/java.lang.reflect.Method.invoke(Method.java:566)
at org.testng.internal.MethodInvocationHelper.invokeMethod(MethodInvocationHelper.java:124)
at org.testng.internal.MethodInvocationHelper.invokeMethodConsideringTimeout(MethodInvocationHelper.java:59)
at org.testng.internal.Invoker.invokeConfigurationMethod(Invoker.java:458)
at org.testng.internal.Invoker.invokeConfigurations(Invoker.java:222)
at org.testng.internal.Invoker.invokeMethod(Invoker.java:523)
at org.testng.internal.Invoker.invokeTestMethod(Invoker.java:719)
at org.testng.internal.Invoker.invokeTestMethods(Invoker.java:989)
at org.testng.internal.TestMethodWorker.invokeTestMethods(TestMethodWorker.java:125)
at org.testng.internal.TestMethodWorker.run(TestMethodWorker.java:109)
at org.testng.TestRunner.privateRun(TestRunner.java:648)
at org.testng.TestRunner.run(TestRunner.java:505)
at org.testng.SuiteRunner.runTest(SuiteRunner.java:455)
at org.testng.SuiteRunner.access$000(SuiteRunner.java:40)
at org.testng.SuiteRunner$SuiteWorker.run(SuiteRunner.java:489)
at org.testng.internal.thread.ThreadUtil$1.call(ThreadUtil.java:52)
at java.base/java.util.concurrent.FutureTask.run(FutureTask.java:264)
at java.base/java.util.concurrent.ThreadPoolExecutor.runWorker(ThreadPoolExecutor.java:1128)
at java.base/java.util.concurrent.ThreadPoolExecutor$Worker.run(ThreadPoolExecutor.java:628)
at java.base/java.lang.Thread.run(Thread.java:834)
]]>
            </full-stacktrace>
          </exception> <!-- org.openqa.selenium.SessionNotCreatedException -->
          <reporter-output>
          </reporter-output>
        </test-method> <!-- launchApp -->
        <test-method signature="verify_TextMenu_Screen(java.lang.reflect.Method)[pri:0, instance:testcases.TextPage_Test@27216cd]" started-at="2024-01-30T18:28:22Z" name="verify_TextMenu_Screen" finished-at="2024-01-30T18:28:22Z" duration-ms="0" status="SKIP">
          <exception class="org.openqa.selenium.SessionNotCreatedException">
            <message>
              <![CDATA[Could not start a new session. Response code 500. Message: An unknown server-side error occurred while processing the command. Original error: Unable to uninstall APK. Original error: Error executing adbExec. Original error: 'Command '/Users/elaiyaperumal/Library/Android/sdk/platform-tools/adb -P 5037 -s emulator-5554 uninstall io.appium.android.apis' exited with code 1'; Command output: Failure [DELETE_FAILED_INTERNAL_ERROR]
 
Host info: host: 'selvakumarsMini', ip: '192.168.0.9'
Build info: version: '4.17.0', revision: 'e52b1be057*'
System info: os.name: 'Mac OS X', os.arch: 'x86_64', os.version: '12.7.1', java.version: '11.0.18'
Driver info: io.appium.java_client.android.AndroidDriver
Command: [null, newSession {capabilities=[{appium:deviceName=emulator-5556, platformName=ANDROID, appium:automationName=UiAutomator2, appium:fullReset=true, appium:app=/Users/elaiyaperumal/Documents/Workspace/Appium_Workspace/AppiumParallel/apps/ApiDemos-debug.apk}], desiredCapabilities=Capabilities {appium:app: /Users/elaiyaperumal/Docume..., appium:automationName: UiAutomator2, appium:deviceName: emulator-5556, appium:fullReset: true, platformName: ANDROID}}]
Capabilities {appium:app: /Users/elaiyaperumal/Docume..., appium:automationName: UiAutomator2, appium:deviceName: emulator-5556, appium:fullReset: true, platformName: ANDROID}]]>
            </message>
            <full-stacktrace>
              <![CDATA[org.openqa.selenium.SessionNotCreatedException: Could not start a new session. Response code 500. Message: An unknown server-side error occurred while processing the command. Original error: Unable to uninstall APK. Original error: Error executing adbExec. Original error: 'Command '/Users/elaiyaperumal/Library/Android/sdk/platform-tools/adb -P 5037 -s emulator-5554 uninstall io.appium.android.apis' exited with code 1'; Command output: Failure [DELETE_FAILED_INTERNAL_ERROR]
 
Host info: host: 'selvakumarsMini', ip: '192.168.0.9'
Build info: version: '4.17.0', revision: 'e52b1be057*'
System info: os.name: 'Mac OS X', os.arch: 'x86_64', os.version: '12.7.1', java.version: '11.0.18'
Driver info: io.appium.java_client.android.AndroidDriver
Command: [null, newSession {capabilities=[{appium:deviceName=emulator-5556, platformName=ANDROID, appium:automationName=UiAutomator2, appium:fullReset=true, appium:app=/Users/elaiyaperumal/Documents/Workspace/Appium_Workspace/AppiumParallel/apps/ApiDemos-debug.apk}], desiredCapabilities=Capabilities {appium:app: /Users/elaiyaperumal/Docume..., appium:automationName: UiAutomator2, appium:deviceName: emulator-5556, appium:fullReset: true, platformName: ANDROID}}]
Capabilities {appium:app: /Users/elaiyaperumal/Docume..., appium:automationName: UiAutomator2, appium:deviceName: emulator-5556, appium:fullReset: true, platformName: ANDROID}
at org.openqa.selenium.remote.ProtocolHandshake.createSession(ProtocolHandshake.java:139)
at java.base/jdk.internal.reflect.NativeMethodAccessorImpl.invoke0(Native Method)
at java.base/jdk.internal.reflect.NativeMethodAccessorImpl.invoke(NativeMethodAccessorImpl.java:62)
at java.base/jdk.internal.reflect.DelegatingMethodAccessorImpl.invoke(DelegatingMethodAccessorImpl.java:43)
at java.base/java.lang.reflect.Method.invoke(Method.java:566)
at io.appium.java_client.remote.AppiumProtocolHandshake.createSession(AppiumProtocolHandshake.java:133)
at io.appium.java_client.remote.AppiumProtocolHandshake.createSession(AppiumProtocolHandshake.java:102)
at io.appium.java_client.remote.AppiumCommandExecutor.createSession(AppiumCommandExecutor.java:177)
at io.appium.java_client.remote.AppiumCommandExecutor.execute(AppiumCommandExecutor.java:238)
at org.openqa.selenium.remote.RemoteWebDriver.execute(RemoteWebDriver.java:519)
at io.appium.java_client.AppiumDriver.startSession(AppiumDriver.java:268)
at org.openqa.selenium.remote.RemoteWebDriver.<init>(RemoteWebDriver.java:162)
at io.appium.java_client.AppiumDriver.<init>(AppiumDriver.java:90)
at io.appium.java_client.AppiumDriver.<init>(AppiumDriver.java:102)
at io.appium.java_client.android.AndroidDriver.<init>(AndroidDriver.java:109)
at base.MobileApplicationBase.launchApp(MobileApplicationBase.java:62)
at java.base/jdk.internal.reflect.NativeMethodAccessorImpl.invoke0(Native Method)
at java.base/jdk.internal.reflect.NativeMethodAccessorImpl.invoke(NativeMethodAccessorImpl.java:62)
at java.base/jdk.internal.reflect.DelegatingMethodAccessorImpl.invoke(DelegatingMethodAccessorImpl.java:43)
at java.base/java.lang.reflect.Method.invoke(Method.java:566)
at org.testng.internal.MethodInvocationHelper.invokeMethod(MethodInvocationHelper.java:124)
at org.testng.internal.MethodInvocationHelper.invokeMethodConsideringTimeout(MethodInvocationHelper.java:59)
at org.testng.internal.Invoker.invokeConfigurationMethod(Invoker.java:458)
at org.testng.internal.Invoker.invokeConfigurations(Invoker.java:222)
at org.testng.internal.Invoker.invokeMethod(Invoker.java:523)
at org.testng.internal.Invoker.invokeTestMethod(Invoker.java:719)
at org.testng.internal.Invoker.invokeTestMethods(Invoker.java:989)
at org.testng.internal.TestMethodWorker.invokeTestMethods(TestMethodWorker.java:125)
at org.testng.internal.TestMethodWorker.run(TestMethodWorker.java:109)
at org.testng.TestRunner.privateRun(TestRunner.java:648)
at org.testng.TestRunner.run(TestRunner.java:505)
at org.testng.SuiteRunner.runTest(SuiteRunner.java:455)
at org.testng.SuiteRunner.access$000(SuiteRunner.java:40)
at org.testng.SuiteRunner$SuiteWorker.run(SuiteRunner.java:489)
at org.testng.internal.thread.ThreadUtil$1.call(ThreadUtil.java:52)
at java.base/java.util.concurrent.FutureTask.run(FutureTask.java:264)
at java.base/java.util.concurrent.ThreadPoolExecutor.runWorker(ThreadPoolExecutor.java:1128)
at java.base/java.util.concurrent.ThreadPoolExecutor$Worker.run(ThreadPoolExecutor.java:628)
at java.base/java.lang.Thread.run(Thread.java:834)
]]>
            </full-stacktrace>
          </exception> <!-- org.openqa.selenium.SessionNotCreatedException -->
          <reporter-output>
          </reporter-output>
        </test-method> <!-- verify_TextMenu_Screen -->
        <test-method is-config="true" signature="tearDown()[pri:0, instance:testcases.TextPage_Test@27216cd]" started-at="2024-01-30T18:28:22Z" name="tearDown" finished-at="2024-01-30T18:28:22Z" duration-ms="0" status="SKIP">
          <reporter-output>
          </reporter-output>
        </test-method> <!-- tearDown -->
      </class> <!-- testcases.TextPage_Test -->
    </test> <!-- Second device Test -->
    <test started-at="2024-01-30T18:28:01Z" name="First Device Test" finished-at="2024-01-30T18:28:33Z" duration-ms="31319">
      <class name="testcases.ContentPage_Test">
        <test-method is-config="true" signature="launchApp(java.lang.String, java.lang.String)[pri:0, instance:testcases.ContentPage_Test@38b27cdc]" started-at="2024-01-30T18:28:01Z" name="launchApp" finished-at="2024-01-30T18:28:30Z" duration-ms="28580" status="PASS">
          <params>
            <param index="0">
              <value>
                <![CDATA[emulator-5554]]>
              </value>
            </param>
            <param index="1">
              <value>
                <![CDATA[4726]]>
              </value>
            </param>
          </params>
          <reporter-output>
          </reporter-output>
        </test-method> <!-- launchApp -->
        <test-method signature="verify_ContentMenu_Screen(java.lang.reflect.Method)[pri:0, instance:testcases.ContentPage_Test@38b27cdc]" started-at="2024-01-30T18:28:30Z" name="verify_ContentMenu_Screen" finished-at="2024-01-30T18:28:30Z" duration-ms="108" status="FAIL">
          <params>
            <param index="0">
              <value>
                <![CDATA[public void testcases.ContentPage_Test.verify_ContentMenu_Screen(java.lang.reflect.Method) throws java.lang.Exception]]>
              </value>
            </param>
          </params>
          <exception class="org.openqa.selenium.WebDriverException">
            <message>
              <![CDATA[An unknown server-side error occurred while processing the command. Original error: Could not proxy command to the remote server. Original error: socket hang up
Build info: version: '4.17.0', revision: 'e52b1be057*'
System info: os.name: 'Mac OS X', os.arch: 'x86_64', os.version: '12.7.1', java.version: '11.0.18'
Driver info: io.appium.java_client.android.AndroidDriver
Command: [aecaab4a-5ba6-48b7-8dd9-96bb5598d856, findElement {value=//*[@content-desc='App'], using=xpath}]
Capabilities {appium:app: /Users/elaiyaperumal/Docume..., appium:appPackage: io.appium.android.apis, appium:automationName: UiAutomator2, appium:databaseEnabled: false, appium:desired: {app: /Users/elaiyaperumal/Docume..., automationName: UiAutomator2, deviceName: emulator-5554, fullReset: true, platformName: ANDROID}, appium:deviceApiLevel: 30, appium:deviceManufacturer: Google, appium:deviceModel: sdk_gphone_x86, appium:deviceName: emulator-5554, appium:deviceScreenDensity: 440, appium:deviceScreenSize: 1080x2160, appium:deviceUDID: emulator-5554, appium:fullReset: true, appium:javascriptEnabled: true, appium:locationContextEnabled: false, appium:networkConnectionEnabled: true, appium:pixelRatio: 2.75, appium:platformVersion: 11, appium:statBarHeight: 66, appium:takesScreenshot: true, appium:viewportRect: {height: 2094, left: 0, top: 66, width: 1080}, appium:warnings: {}, appium:webStorageEnabled: false, platformName: ANDROID}
Session ID: aecaab4a-5ba6-48b7-8dd9-96bb5598d856]]>
            </message>
            <full-stacktrace>
              <![CDATA[org.openqa.selenium.WebDriverException: An unknown server-side error occurred while processing the command. Original error: Could not proxy command to the remote server. Original error: socket hang up
Build info: version: '4.17.0', revision: 'e52b1be057*'
System info: os.name: 'Mac OS X', os.arch: 'x86_64', os.version: '12.7.1', java.version: '11.0.18'
Driver info: io.appium.java_client.android.AndroidDriver
Command: [aecaab4a-5ba6-48b7-8dd9-96bb5598d856, findElement {value=//*[@content-desc='App'], using=xpath}]
Capabilities {appium:app: /Users/elaiyaperumal/Docume..., appium:appPackage: io.appium.android.apis, appium:automationName: UiAutomator2, appium:databaseEnabled: false, appium:desired: {app: /Users/elaiyaperumal/Docume..., automationName: UiAutomator2, deviceName: emulator-5554, fullReset: true, platformName: ANDROID}, appium:deviceApiLevel: 30, appium:deviceManufacturer: Google, appium:deviceModel: sdk_gphone_x86, appium:deviceName: emulator-5554, appium:deviceScreenDensity: 440, appium:deviceScreenSize: 1080x2160, appium:deviceUDID: emulator-5554, appium:fullReset: true, appium:javascriptEnabled: true, appium:locationContextEnabled: false, appium:networkConnectionEnabled: true, appium:pixelRatio: 2.75, appium:platformVersion: 11, appium:statBarHeight: 66, appium:takesScreenshot: true, appium:viewportRect: {height: 2094, left: 0, top: 66, width: 1080}, appium:warnings: {}, appium:webStorageEnabled: false, platformName: ANDROID}
Session ID: aecaab4a-5ba6-48b7-8dd9-96bb5598d856
at java.base/jdk.internal.reflect.NativeConstructorAccessorImpl.newInstance0(Native Method)
at java.base/jdk.internal.reflect.NativeConstructorAccessorImpl.newInstance(NativeConstructorAccessorImpl.java:62)
at java.base/jdk.internal.reflect.DelegatingConstructorAccessorImpl.newInstance(DelegatingConstructorAccessorImpl.java:45)
at java.base/java.lang.reflect.Constructor.newInstance(Constructor.java:490)
at org.openqa.selenium.remote.codec.w3c.W3CHttpResponseCodec.createException(W3CHttpResponseCodec.java:185)
at org.openqa.selenium.remote.codec.w3c.W3CHttpResponseCodec.decode(W3CHttpResponseCodec.java:134)
at org.openqa.selenium.remote.codec.w3c.W3CHttpResponseCodec.decode(W3CHttpResponseCodec.java:51)
at org.openqa.selenium.remote.HttpCommandExecutor.execute(HttpCommandExecutor.java:190)
at io.appium.java_client.remote.AppiumCommandExecutor.execute(AppiumCommandExecutor.java:238)
at org.openqa.selenium.remote.RemoteWebDriver.execute(RemoteWebDriver.java:519)
at org.openqa.selenium.remote.ElementLocation$ElementFinder$2.findElement(ElementLocation.java:165)
at org.openqa.selenium.remote.ElementLocation.findElement(ElementLocation.java:59)
at org.openqa.selenium.remote.RemoteWebDriver.findElement(RemoteWebDriver.java:356)
at org.openqa.selenium.remote.RemoteWebDriver.findElement(RemoteWebDriver.java:350)
at org.openqa.selenium.support.pagefactory.DefaultElementLocator.findElement(DefaultElementLocator.java:68)
at org.openqa.selenium.support.pagefactory.internal.LocatingElementHandler.invoke(LocatingElementHandler.java:38)
at com.sun.proxy.$Proxy14.getText(Unknown Source)
at pages.Home_Page.getTtext_appMenu(Home_Page.java:40)
at testcases.ContentPage_Test.verify_ContentMenu_Screen(ContentPage_Test.java:20)
at java.base/jdk.internal.reflect.NativeMethodAccessorImpl.invoke0(Native Method)
at java.base/jdk.internal.reflect.NativeMethodAccessorImpl.invoke(NativeMethodAccessorImpl.java:62)
at java.base/jdk.internal.reflect.DelegatingMethodAccessorImpl.invoke(DelegatingMethodAccessorImpl.java:43)
at java.base/java.lang.reflect.Method.invoke(Method.java:566)
at org.testng.internal.MethodInvocationHelper.invokeMethod(MethodInvocationHelper.java:124)
at org.testng.internal.Invoker.invokeMethod(Invoker.java:583)
at org.testng.internal.Invoker.invokeTestMethod(Invoker.java:719)
at org.testng.internal.Invoker.invokeTestMethods(Invoker.java:989)
at org.testng.internal.TestMethodWorker.invokeTestMethods(TestMethodWorker.java:125)
at org.testng.internal.TestMethodWorker.run(TestMethodWorker.java:109)
at org.testng.TestRunner.privateRun(TestRunner.java:648)
at org.testng.TestRunner.run(TestRunner.java:505)
at org.testng.SuiteRunner.runTest(SuiteRunner.java:455)
at org.testng.SuiteRunner.access$000(SuiteRunner.java:40)
at org.testng.SuiteRunner$SuiteWorker.run(SuiteRunner.java:489)
at org.testng.internal.thread.ThreadUtil$1.call(ThreadUtil.java:52)
at java.base/java.util.concurrent.FutureTask.run(FutureTask.java:264)
at java.base/java.util.concurrent.ThreadPoolExecutor.runWorker(ThreadPoolExecutor.java:1128)
at java.base/java.util.concurrent.ThreadPoolExecutor$Worker.run(ThreadPoolExecutor.java:628)
at java.base/java.lang.Thread.run(Thread.java:834)
]]>
            </full-stacktrace>
          </exception> <!-- org.openqa.selenium.WebDriverException -->
          <reporter-output>
          </reporter-output>
        </test-method> <!-- verify_ContentMenu_Screen -->
        <test-method is-config="true" signature="tearDown()[pri:0, instance:testcases.ContentPage_Test@38b27cdc]" started-at="2024-01-30T18:28:30Z" name="tearDown" finished-at="2024-01-30T18:28:33Z" duration-ms="2579" status="PASS">
          <reporter-output>
          </reporter-output>
        </test-method> <!-- tearDown -->
      </class> <!-- testcases.ContentPage_Test -->
    </test> <!-- First Device Test -->
  </suite> <!-- Suite -->
</testng-results>
